TN:
SF:src/gendiff.js
FN:3,(anonymous_0)
FN:8,(anonymous_1)
FNF:2
FNH:2
FNDA:1,(anonymous_0)
FNDA:5,(anonymous_1)
DA:3,1
DA:4,1
DA:5,1
DA:6,1
DA:7,1
DA:8,1
DA:9,5
DA:10,2
DA:12,3
DA:13,1
DA:15,2
DA:16,1
DA:19,1
DA:22,1
LF:14
LH:14
BRDA:9,0,0,2
BRDA:9,0,1,3
BRDA:12,1,0,1
BRDA:12,1,1,2
BRDA:15,2,0,1
BRDA:15,2,1,1
BRF:6
BRH:6
end_of_record
TN:
SF:src/index.js
FN:4,(anonymous_0)
FNF:1
FNH:1
FNDA:1,(anonymous_0)
DA:5,1
DA:6,1
DA:7,1
LF:3
LH:3
BRF:0
BRH:0
end_of_record
TN:
SF:src/parser.js
FN:4,(anonymous_0)
FN:5,(anonymous_1)
FN:7,(anonymous_2)
FNF:3
FNH:3
FNDA:2,(anonymous_0)
FNDA:2,(anonymous_1)
FNDA:2,(anonymous_2)
DA:4,2
DA:5,2
DA:7,1
DA:8,2
DA:9,2
DA:10,2
LF:6
LH:6
BRF:0
BRH:0
end_of_record
